TN:
SF:C:\projectsportfolio\epicmail\server\app.js
FN:17,(anonymous_1)
FN:20,(anonymous_2)
FN:24,(anonymous_3)
FNF:3
FNH:3
FNDA:1,(anonymous_1)
FNDA:1,(anonymous_2)
FNDA:1,(anonymous_3)
DA:1,1
DA:2,1
DA:4,1
DA:5,1
DA:7,1
DA:8,1
DA:13,1
DA:14,1
DA:15,1
DA:16,1
DA:17,1
DA:18,1
DA:20,1
DA:21,1
DA:24,1
DA:25,1
LF:16
LH:16
BRDA:8,0,0,1
BRDA:8,0,1,1
BRF:2
BRH:2
end_of_record
TN:
SF:C:\projectsportfolio\epicmail\server\helpers\responses.js
FN:2,sendResponse
FNF:1
FNH:1
FNDA:17,sendResponse
DA:2,1
DA:3,17
LF:2
LH:2
BRDA:5,0,0,17
BRDA:5,0,1,13
BRDA:6,1,0,17
BRDA:6,1,1,4
BRF:4
BRH:4
end_of_record
TN:
SF:C:\projectsportfolio\epicmail\server\helpers\validators.js
FN:9,isPositiveInteger
FN:11,filterInput
FN:17,trimAllSpace
FN:23,validateUserEntry
FN:34,(anonymous_5)
FN:58,validateUserSignIn
FN:63,(anonymous_7)
FN:81,createMessage
FN:85,(anonymous_9)
FN:89,(anonymous_10)
FNF:10
FNH:10
FNDA:4,isPositiveInteger
FNDA:26,filterInput
FNDA:35,trimAllSpace
FNDA:9,validateUserEntry
FNDA:7,(anonymous_5)
FNDA:4,validateUserSignIn
FNDA:8,(anonymous_7)
FNDA:2,createMessage
FNDA:8,(anonymous_9)
FNDA:2,(anonymous_10)
DA:1,1
DA:3,1
DA:5,1
DA:6,1
DA:9,4
DA:11,1
DA:12,26
DA:13,26
DA:14,26
DA:17,1
DA:18,35
DA:23,36
DA:24,9
DA:26,9
DA:27,9
DA:28,9
DA:29,9
DA:31,9
DA:34,2
DA:35,7
DA:37,2
DA:38,1
DA:39,1
DA:40,1
DA:41,1
DA:42,1
DA:43,1
DA:44,1
DA:45,1
DA:46,1
DA:47,1
DA:49,1
DA:53,7
DA:58,8
DA:59,4
DA:60,4
DA:61,4
DA:63,2
DA:64,8
DA:67,2
DA:68,0
DA:69,0
DA:71,2
DA:74,2
DA:81,10
DA:82,2
DA:85,2
DA:86,8
DA:89,2
DA:90,2
DA:95,2
DA:96,1
DA:97,1
DA:98,1
DA:108,1
DA:109,1
DA:110,1
DA:111,1
DA:113,0
DA:114,0
DA:124,0
DA:125,0
DA:126,0
DA:127,0
DA:128,0
DA:131,1
LF:66
LH:57
BRDA:31,0,0,2
BRDA:31,0,1,7
BRDA:31,1,0,9
BRDA:31,1,1,9
BRDA:31,1,2,8
BRDA:31,1,3,6
BRDA:31,1,4,5
BRDA:31,1,5,4
BRDA:31,1,6,3
BRDA:37,2,0,1
BRDA:37,2,1,1
BRDA:61,3,0,2
BRDA:61,3,1,2
BRDA:61,4,0,4
BRDA:61,4,1,3
BRDA:61,4,2,3
BRDA:67,5,0,0
BRDA:67,5,1,2
BRDA:67,6,0,2
BRDA:67,6,1,1
BRDA:86,7,0,8
BRDA:86,7,1,6
BRDA:90,8,0,2
BRDA:90,8,1,2
BRDA:90,8,2,1
BRDA:90,8,3,0
BRDA:95,9,0,1
BRDA:95,9,1,1
BRDA:96,10,0,1
BRDA:96,10,1,0
BRF:30
BRH:27
end_of_record
TN:
SF:C:\projectsportfolio\epicmail\server\models\messages.js
FN:39,(anonymous_0)
FN:43,(anonymous_1)
FNF:2
FNH:2
FNDA:1,(anonymous_0)
FNDA:1,(anonymous_1)
DA:1,1
DA:36,1
DA:37,1
DA:39,1
DA:40,1
DA:43,1
DA:44,1
LF:7
LH:7
BRF:0
BRH:0
end_of_record
TN:
SF:C:\projectsportfolio\epicmail\server\models\users.js
FN:82,(anonymous_0)
FNF:1
FNH:1
FNDA:3,(anonymous_0)
DA:2,1
DA:81,1
DA:82,1
DA:83,3
LF:4
LH:4
BRF:0
BRH:0
end_of_record
TN:
SF:C:\projectsportfolio\epicmail\server\routes\contacts.js
FN:13,(anonymous_1)
FN:24,(anonymous_2)
FNF:2
FNH:1
FNDA:1,(anonymous_1)
FNDA:0,(anonymous_2)
DA:1,1
DA:2,1
DA:4,1
DA:8,1
DA:13,1
DA:14,1
DA:15,1
DA:16,1
DA:24,1
DA:25,0
DA:26,0
LF:11
LH:9
BRF:0
BRH:0
end_of_record
TN:
SF:C:\projectsportfolio\epicmail\server\routes\message.js
FN:14,(anonymous_1)
FN:26,(anonymous_2)
FN:34,(anonymous_3)
FN:36,(anonymous_4)
FN:41,(anonymous_5)
FN:62,(anonymous_6)
FN:64,(anonymous_7)
FN:69,(anonymous_8)
FN:89,(anonymous_9)
FN:91,(anonymous_10)
FN:96,(anonymous_11)
FN:117,(anonymous_12)
FN:119,(anonymous_13)
FN:139,(anonymous_14)
FN:142,(anonymous_15)
FN:148,(anonymous_16)
FN:153,(anonymous_17)
FNF:17
FNH:16
FNDA:1,(anonymous_1)
FNDA:0,(anonymous_2)
FNDA:2,(anonymous_3)
FNDA:8,(anonymous_4)
FNDA:4,(anonymous_5)
FNDA:2,(anonymous_6)
FNDA:8,(anonymous_7)
FNDA:4,(anonymous_8)
FNDA:2,(anonymous_9)
FNDA:8,(anonymous_10)
FNDA:4,(anonymous_11)
FNDA:1,(anonymous_12)
FNDA:4,(anonymous_13)
FNDA:2,(anonymous_14)
FNDA:8,(anonymous_15)
FNDA:3,(anonymous_16)
FNDA:2,(anonymous_17)
DA:1,1
DA:2,1
DA:3,1
DA:4,1
DA:6,1
DA:8,1
DA:14,1
DA:15,1
DA:16,1
DA:17,1
DA:26,1
DA:27,0
DA:34,1
DA:35,2
DA:36,2
DA:37,8
DA:40,2
DA:41,2
DA:42,4
DA:44,2
DA:45,1
DA:47,1
DA:53,1
DA:56,0
DA:62,1
DA:63,2
DA:64,2
DA:65,8
DA:68,2
DA:69,2
DA:70,4
DA:72,2
DA:73,1
DA:74,1
DA:80,1
DA:83,0
DA:89,1
DA:90,2
DA:91,2
DA:92,8
DA:95,2
DA:96,2
DA:97,4
DA:99,2
DA:100,1
DA:101,1
DA:107,1
DA:110,0
DA:117,1
DA:118,1
DA:119,1
DA:120,4
DA:123,1
DA:124,1
DA:125,1
DA:131,0
DA:139,1
DA:140,2
DA:141,2
DA:142,2
DA:143,8
DA:146,2
DA:148,2
DA:149,3
DA:152,2
DA:153,1
DA:154,2
DA:157,1
DA:158,1
DA:159,1
DA:160,1
DA:166,0
DA:171,1
DA:175,0
LF:74
LH:67
BRDA:40,0,0,2
BRDA:40,0,1,0
BRDA:44,1,0,1
BRDA:44,1,1,1
BRDA:68,2,0,2
BRDA:68,2,1,0
BRDA:72,3,0,1
BRDA:72,3,1,1
BRDA:95,4,0,2
BRDA:95,4,1,0
BRDA:97,5,0,4
BRDA:97,5,1,2
BRDA:99,6,0,1
BRDA:99,6,1,1
BRDA:123,7,0,1
BRDA:123,7,1,0
BRDA:146,8,0,2
BRDA:146,8,1,0
BRDA:152,9,0,1
BRDA:152,9,1,1
BRDA:157,10,0,1
BRDA:157,10,1,0
BRF:22
BRH:16
end_of_record
